<?xml version="1.0" encoding="UTF-8"?>
<!-- Generated by org.testng.reporters.JUnitReportReporter -->
<testsuite hostname="LAPTOP-2DHTLVVT" failures="0" tests="1" name="testingScripts.Testclass3" time="0.002" errors="0" timestamp="2024-03-08T13:02:46 IST" skipped="0">
  <testcase classname="testingScripts.Testclass3" name="testcase3" time="0.002"/>
  <system-out/>
</testsuite> <!-- testingScripts.Testclass3 -->
