<?xml version="1.0" encoding="UTF-8"?>
<!-- Generated by org.testng.reporters.JUnitReportReporter -->
<testsuite hostname="LAPTOP-2DHTLVVT" failures="0" tests="1" name="testingScripts.TestClass1" time="0.011" errors="0" timestamp="2024-03-08T13:02:46 IST" skipped="0">
  <testcase classname="testingScripts.TestClass1" name="testcase1" time="0.011"/>
  <system-out/>
</testsuite> <!-- testingScripts.TestClass1 -->
